2024-05-05 15:07:12,151 INFO o.a.j.u.JMeterUtils: Setting Locale to en_EN
2024-05-05 15:07:12,195 INFO o.a.j.JMeter: Loading user properties from: /usr/local/Cellar/jmeter/5.6.3/libexec/bin/user.properties
2024-05-05 15:07:12,195 INFO o.a.j.JMeter: Loading system properties from: /usr/local/Cellar/jmeter/5.6.3/libexec/bin/system.properties
2024-05-05 15:07:12,203 INFO o.a.j.JMeter: Copyright (c) 1998-2024 The Apache Software Foundation
2024-05-05 15:07:12,203 INFO o.a.j.JMeter: Version 5.6.3
2024-05-05 15:07:12,203 INFO o.a.j.JMeter: java.version=21.0.3
2024-05-05 15:07:12,203 INFO o.a.j.JMeter: java.vm.name=OpenJDK 64-Bit Server VM
2024-05-05 15:07:12,203 INFO o.a.j.JMeter: os.name=Mac OS X
2024-05-05 15:07:12,204 INFO o.a.j.JMeter: os.arch=x86_64
2024-05-05 15:07:12,204 INFO o.a.j.JMeter: os.version=13.6.6
2024-05-05 15:07:12,204 INFO o.a.j.JMeter: file.encoding=UTF-8
2024-05-05 15:07:12,204 INFO o.a.j.JMeter: java.awt.headless=true
2024-05-05 15:07:12,204 INFO o.a.j.JMeter: Max memory     =1073741824
2024-05-05 15:07:12,204 INFO o.a.j.JMeter: Available Processors =12
2024-05-05 15:07:12,216 INFO o.a.j.JMeter: Default Locale=English (EN)
2024-05-05 15:07:12,216 INFO o.a.j.JMeter: JMeter  Locale=English (EN)
2024-05-05 15:07:12,217 INFO o.a.j.JMeter: JMeterHome=/usr/local/Cellar/jmeter/5.6.3/libexec
2024-05-05 15:07:12,217 INFO o.a.j.JMeter: user.dir  =/Users/lukasandresriveroslete/Documents/Estudios/DevOps/github-action/microservicio-java
2024-05-05 15:07:12,217 INFO o.a.j.JMeter: PWD       =/Users/lukasandresriveroslete/Documents/Estudios/DevOps/github-action/microservicio-java
2024-05-05 15:07:12,218 INFO o.a.j.JMeter: IP: 127.0.0.1 Name: MacBook-Pro-de-Lukas.local FullName: localhost
2024-05-05 15:07:12,247 INFO o.a.j.s.FileServer: Default base='/Users/lukasandresriveroslete/Documents/Estudios/DevOps/github-action/microservicio-java'
2024-05-05 15:07:12,251 INFO o.a.j.s.FileServer: Set new base='/Users/lukasandresriveroslete/Documents/Estudios/DevOps/github-action/microservicio-java'
2024-05-05 15:07:12,541 INFO o.a.j.s.SaveService: Testplan (JMX) version: 2.2. Testlog (JTL) version: 2.2
2024-05-05 15:07:12,595 INFO o.a.j.s.SaveService: Using SaveService properties version 5.0
2024-05-05 15:07:12,606 INFO o.a.j.s.SaveService: Using SaveService properties file encoding UTF-8
2024-05-05 15:07:12,615 INFO o.a.j.s.SaveService: Loading file: pruebas.jmx
2024-05-05 15:07:12,717 INFO o.a.j.p.h.s.HTTPSamplerBase: Parser for text/html is org.apache.jmeter.protocol.http.parser.LagartoBasedHtmlParser
2024-05-05 15:07:12,717 INFO o.a.j.p.h.s.HTTPSamplerBase: Parser for application/xhtml+xml is org.apache.jmeter.protocol.http.parser.LagartoBasedHtmlParser
2024-05-05 15:07:12,717 INFO o.a.j.p.h.s.HTTPSamplerBase: Parser for application/xml is org.apache.jmeter.protocol.http.parser.LagartoBasedHtmlParser
2024-05-05 15:07:12,717 INFO o.a.j.p.h.s.HTTPSamplerBase: Parser for text/xml is org.apache.jmeter.protocol.http.parser.LagartoBasedHtmlParser
2024-05-05 15:07:12,717 INFO o.a.j.p.h.s.HTTPSamplerBase: Parser for text/vnd.wap.wml is org.apache.jmeter.protocol.http.parser.RegexpHTMLParser
2024-05-05 15:07:12,717 INFO o.a.j.p.h.s.HTTPSamplerBase: Parser for text/css is org.apache.jmeter.protocol.http.parser.CssParser
2024-05-05 15:07:12,729 INFO o.a.j.JMeter: Creating summariser <summary>
2024-05-05 15:07:12,764 INFO o.a.j.e.StandardJMeterEngine: Running the test!
2024-05-05 15:07:12,765 INFO o.a.j.s.SampleEvent: List of sample_variables: []
2024-05-05 15:07:12,765 INFO o.a.j.s.SampleEvent: List of sample_variables: []
2024-05-05 15:07:12,771 INFO o.a.j.e.u.CompoundVariable: Note: Function class names must contain the string: '.functions.'
2024-05-05 15:07:12,771 INFO o.a.j.e.u.CompoundVariable: Note: Function class names must not contain the string: '.gui.'
2024-05-05 15:07:12,863 INFO o.a.j.r.ClassFinder: Will scan jar /usr/local/Cellar/jmeter/5.6.3/libexec/lib/ext/jmeter-plugins-manager-1.9.jar with filter ExtendsClassFilter [parents=[interface org.apache.jmeter.functions.Function], inner=false, contains=null, notContains=null]. Consider exposing JMeter plugins via META-INF/services, and add JMeter-Skip-Class-Scanning=true manifest attribute so JMeter can skip classfile scanning
2024-05-05 15:07:13,016 INFO o.a.j.JMeter: Running test (1714936033015)
2024-05-05 15:07:13,066 INFO o.a.j.e.StandardJMeterEngine: Starting ThreadGroup: 1 : Thread Group
2024-05-05 15:07:13,067 INFO o.a.j.e.StandardJMeterEngine: Starting 1 threads for group Thread Group.
2024-05-05 15:07:13,067 INFO o.a.j.e.StandardJMeterEngine: Thread will continue on error
2024-05-05 15:07:13,067 INFO o.a.j.t.ThreadGroup: Starting thread group... number=1 threads=1 ramp-up=1 delayedStart=false
2024-05-05 15:07:13,074 INFO o.a.j.t.ThreadGroup: Started thread group number 1
2024-05-05 15:07:13,074 INFO o.a.j.e.StandardJMeterEngine: All thread groups have been started
2024-05-05 15:07:13,076 INFO o.a.j.t.JMeterThread: Thread started: Thread Group 1-1
2024-05-05 15:07:13,109 INFO o.a.j.p.h.s.HTTPHCAbstractImpl: Local host = MacBook-Pro-de-Lukas.local
2024-05-05 15:07:13,118 INFO o.a.j.p.h.s.HTTPHC4Impl: HTTP request retry count = 0
2024-05-05 15:07:13,119 INFO o.a.j.s.SampleResult: Note: Sample TimeStamps are START times
2024-05-05 15:07:13,119 INFO o.a.j.s.SampleResult: sampleresult.default.encoding is set to UTF-8
2024-05-05 15:07:13,119 INFO o.a.j.s.SampleResult: sampleresult.useNanoTime=true
2024-05-05 15:07:13,119 INFO o.a.j.s.SampleResult: sampleresult.nanoThreadSleep=5000
2024-05-05 15:07:13,285 INFO o.a.j.t.JMeterThread: Thread is done: Thread Group 1-1
2024-05-05 15:07:13,285 INFO o.a.j.t.JMeterThread: Thread finished: Thread Group 1-1
2024-05-05 15:07:13,286 INFO o.a.j.e.StandardJMeterEngine: Notifying test listeners of end of test
2024-05-05 15:07:13,288 INFO o.a.j.r.Summariser: summary =      1 in 00:00:00 =    3.7/s Avg:    48 Min:    48 Max:    48 Err:     0 (0.00%)
